<?xml version="1.0" encoding="UTF-8"?>
<!-- Generated by org.testng.reporters.JUnitXMLReporter -->
<testsuite ignored="11" hostname="LAPTOP-V4EQ9E0B" failures="0" tests="1" name="Menu Bar(failed)(failed)" time="35.727" errors="0" timestamp="2023-12-19T17:14:28 IST">
  <testcase classname="Test_Cases.TC_MenuBar" name="TC_0012_EchoandAlexa_AmazonPrimeMusic" time="22.927"/>
  <testcase classname="Test_Cases.TC_MenuBar" name="TC_006_AmazonMiniTV" time="0.0">
    <ignored/>
  </testcase> <!-- TC_006_AmazonMiniTV -->
  <testcase classname="Test_Cases.TC_MenuBar" name="TC_007_EchoandAlexa_Seealldevices" time="0.0">
    <ignored/>
  </testcase> <!-- TC_007_EchoandAlexa_Seealldevices -->
  <testcase classname="Test_Cases.TC_MenuBar" name="TC_0010_EchoandAlexa_AlexaApp" time="0.0">
    <ignored/>
  </testcase> <!-- TC_0010_EchoandAlexa_AlexaApp -->
  <testcase classname="Test_Cases.TC_MenuBar" name="TC_0011_EchoandAlexa_AlexaSmartHome" time="0.0">
    <ignored/>
  </testcase> <!-- TC_0011_EchoandAlexa_AlexaSmartHome -->
  <testcase classname="Test_Cases.TC_MenuBar" name="TC_008_EchoandAlexa_MeetAlexa" time="0.0">
    <ignored/>
  </testcase> <!-- TC_008_EchoandAlexa_MeetAlexa -->
  <testcase classname="Test_Cases.TC_MenuBar" name="TC_002_Hello" time="0.0">
    <ignored/>
  </testcase> <!-- TC_002_Hello -->
  <testcase classname="Test_Cases.TC_MenuBar" name="TC_005_MoversAndShakers" time="0.0">
    <ignored/>
  </testcase> <!-- TC_005_MoversAndShakers -->
  <testcase classname="Test_Cases.TC_MenuBar" name="TC_009_EchoandAlexa_AlexaSkills" time="0.0">
    <ignored/>
  </testcase> <!-- TC_009_EchoandAlexa_AlexaSkills -->
  <testcase classname="Test_Cases.TC_MenuBar" name="TC_001_Menuicon" time="0.0">
    <ignored/>
  </testcase> <!-- TC_001_Menuicon -->
  <testcase classname="Test_Cases.TC_MenuBar" name="TC_003_BestSeller" time="0.0">
    <ignored/>
  </testcase> <!-- TC_003_BestSeller -->
  <testcase classname="Test_Cases.TC_MenuBar" name="TC_004_NewReleases" time="0.0">
    <ignored/>
  </testcase> <!-- TC_004_NewReleases -->
</testsuite> <!-- Menu Bar(failed)(failed) -->
