<?xml version="1.0" encoding="UTF-8"?>
<!-- Generated by org.testng.reporters.JUnitXMLReporter -->
<testsuite ignored="2" hostname="LAPTOP-V4EQ9E0B" failures="0" tests="1" name="Always have to rmeber" time="14.888" errors="0" timestamp="2024-03-12T14:58:38 IST">
  <testcase classname="Test_Cases.TC_Gifts" name="TC_003_items" time="9.991"/>
  <testcase classname="Test_Cases.TC_Gifts" name="TC_001_List" time="0.0">
    <ignored/>
  </testcase> <!-- TC_001_List -->
  <testcase classname="Test_Cases.TC_Gifts" name="TC_002_carousel" time="0.0">
    <ignored/>
  </testcase> <!-- TC_002_carousel -->
</testsuite> <!-- Always have to rmeber -->
