<?xml version="1.0" encoding="UTF-8"?>
<!-- Generated by org.testng.reporters.JUnitXMLReporter -->
<testsuite ignored="7" hostname="LAPTOP-V4EQ9E0B" failures="0" tests="1" name="Header" time="24.336" errors="0" timestamp="2024-01-11T09:31:54 IST">
  <testcase classname="Test_Cases.TC_Header" name="TC_008_Select_Location_Signin" time="13.026"/>
  <testcase classname="Test_Cases.TC_Header" name="TC_008_Select_Location_pincode" time="0.0">
    <ignored/>
  </testcase> <!-- TC_008_Select_Location_pincode -->
  <testcase classname="Test_Cases.TC_Header" name="TC_001_Logo" time="0.0">
    <ignored/>
  </testcase> <!-- TC_001_Logo -->
  <testcase classname="Test_Cases.TC_Header" name="TC_005_Account_and_AllList" time="0.0">
    <ignored/>
  </testcase> <!-- TC_005_Account_and_AllList -->
  <testcase classname="Test_Cases.TC_Header" name="TC_004_Languages" time="0.0">
    <ignored/>
  </testcase> <!-- TC_004_Languages -->
  <testcase classname="Test_Cases.TC_Header" name="TC_007_Select_a_Item_Dropdown" time="0.0">
    <ignored/>
  </testcase> <!-- TC_007_Select_a_Item_Dropdown -->
  <testcase classname="Test_Cases.TC_Header" name="TC_006_searchDropdown" time="0.0">
    <ignored/>
  </testcase> <!-- TC_006_searchDropdown -->
  <testcase classname="Test_Cases.TC_Header" name="TC_002_Dropdown" time="0.0">
    <ignored/>
  </testcase> <!-- TC_002_Dropdown -->
</testsuite> <!-- Header -->
