<?xml version="1.0" encoding="UTF-8"?>
<!-- Generated by org.testng.reporters.JUnitXMLReporter -->
<testsuite ignored="1" hostname="LAPTOP-V4EQ9E0B" failures="0" tests="4" name="log" time="95.219" errors="0" timestamp="2024-04-14T22:39:07 IST">
  <testcase classname="Test_Cases.TC_logger" name="TC_002" time="8.484"/>
  <testcase classname="Test_Cases.TC_logger" name="TC_002" time="24.864"/>
  <testcase classname="Test_Cases.TC_logger" name="TC_002" time="24.835"/>
  <testcase classname="Test_Cases.TC_logger" name="TC_002" time="7.657"/>
  <testcase classname="Test_Cases.TC_logger" name="TC_001" time="0.0">
    <ignored/>
  </testcase> <!-- TC_001 -->
</testsuite> <!-- log -->
