<?xml version="1.0" encoding="UTF-8"?>
<!-- Generated by org.testng.reporters.JUnitXMLReporter -->
<testsuite ignored="1" hostname="LAPTOP-V4EQ9E0B" failures="0" tests="4" name="log" time="98.523" errors="0" timestamp="2024-05-10T10:41:59 IST">
  <testcase classname="Test_Cases.TC_logger" name="TC_002" time="7.622"/>
  <testcase classname="Test_Cases.TC_logger" name="TC_002" time="24.875"/>
  <testcase classname="Test_Cases.TC_logger" name="TC_002" time="24.201"/>
  <testcase classname="Test_Cases.TC_logger" name="TC_002" time="7.164"/>
  <testcase classname="Test_Cases.TC_logger" name="TC_001" time="0.0">
    <ignored/>
  </testcase> <!-- TC_001 -->
</testsuite> <!-- log -->
