<?xml version="1.0" encoding="UTF-8"?>
<!-- Generated by org.testng.reporters.JUnitXMLReporter -->
<testsuite ignored="1" hostname="LAPTOP-V4EQ9E0B" failures="0" tests="2" name="Test" time="50.778" errors="0" timestamp="2024-03-06T17:17:47 IST">
  <testcase classname="Test_Cases.TC_Gifts" name="TC_002_carousel" time="16.707"/>
  <testcase classname="Test_Cases.TC_Gifts" name="TC_003_items" time="21.192"/>
  <testcase classname="Test_Cases.TC_Gifts" name="TC_001_List" time="0.0">
    <ignored/>
  </testcase> <!-- TC_001_List -->
</testsuite> <!-- Test -->
