<?xml version="1.0" encoding="UTF-8"?>
<testng-results ignored="2" total="3" passed="1" failed="0" skipped="0">
  <reporter-output>
  </reporter-output>
  <suite started-at="2024-03-06T20:26:19 IST" name="Suite" finished-at="2024-03-06T20:26:51 IST" duration-ms="31958">
    <groups>
      <group name="Smoke">
        <method signature="TC_Gifts.TC_003_items()[pri:0, instance:Test_Cases.TC_Gifts@576d5deb]" name="TC_003_items" class="Test_Cases.TC_Gifts"/>
      </group> <!-- Smoke -->
    </groups>
    <test started-at="2024-03-06T20:26:19 IST" name="Always have to rmeber" finished-at="2024-03-06T20:26:51 IST" duration-ms="31958">
      <class name="Test_Cases.TC_Gifts">
        <test-method is-config="true" signature="Allbrowser(java.lang.String)[pri:0, instance:Test_Cases.TC_Gifts@576d5deb]" started-at="2024-03-06T20:26:19 IST" name="Allbrowser" finished-at="2024-03-06T20:26:24 IST" duration-ms="5435" status="PASS">
          <params>
            <param index="0">
              <value>
                <![CDATA[chrome]]>
              </value>
            </param>
          </params>
          <reporter-output>
          </reporter-output>
        </test-method> <!-- Allbrowser -->
        <test-method signature="TC_003_items()[pri:0, instance:Test_Cases.TC_Gifts@576d5deb]" started-at="2024-03-06T20:26:24 IST" name="TC_003_items" finished-at="2024-03-06T20:26:50 IST" duration-ms="25942" status="PASS">
          <reporter-output>
          </reporter-output>
        </test-method> <!-- TC_003_items -->
        <test-method is-config="true" signature="quit()[pri:0, instance:Test_Cases.TC_Gifts@576d5deb]" started-at="2024-03-06T20:26:51 IST" name="quit" finished-at="2024-03-06T20:26:51 IST" duration-ms="104" status="PASS">
          <reporter-output>
          </reporter-output>
        </test-method> <!-- quit -->
      </class> <!-- Test_Cases.TC_Gifts -->
    </test> <!-- Always have to rmeber -->
  </suite> <!-- Suite -->
</testng-results>
